<?xml version="1.0" encoding="UTF-8"?>
<testsuite xmlns:xsi="http://www.w3.org/2001/XMLSchema-instance" xsi:noNamespaceSchemaLocation="https://maven.apache.org/surefire/maven-surefire-plugin/xsd/surefire-test-report-3.0.xsd" version="3.0" name="TestSuite" time="12.691" tests="1" errors="0" skipped="0" failures="0">
  <properties>
[...]
</properties>
  <testcase name="captureAndSaveDataInExcel" classname="iq.br.development.SaveAndRetrieveAPIResponse" time="11.839">
    <system-out><![CDATA[19
-1
Successfully saved data...
]]></system-out>
  </testcase>
</testsuite>