<?xml version="1.0" encoding="UTF-8"?>
<testng-results ignored="0" total="1" passed="1" failed="0" skipped="0">
  <reporter-output>
  </reporter-output>
  <suite started-at="2021-08-11T19:45:43 IST" name="Testing briq API" finished-at="2021-08-11T19:45:55 IST" duration-ms="11895">
    <groups>
    </groups>
    <test started-at="2021-08-11T19:45:43 IST" name="Regression" finished-at="2021-08-11T19:45:55 IST" duration-ms="11895">
      <class name="iq.br.development.SaveAndRetrieveAPIResponse">
        <test-method signature="captureAndSaveDataInExcel()[pri:0, instance:iq.br.development.SaveAndRetrieveAPIResponse@4470f8a6]" started-at="2021-08-11T19:45:43 IST" name="captureAndSaveDataInExcel" finished-at="2021-08-11T19:45:55 IST" duration-ms="11834" status="PASS">
          <reporter-output>
          </reporter-output>
        </test-method> <!-- captureAndSaveDataInExcel -->
      </class> <!-- iq.br.development.SaveAndRetrieveAPIResponse -->
    </test> <!-- Regression -->
  </suite> <!-- Testing briq API -->
</testng-results>
